[chore/deps/small-2025-10-07 f1324d0] chore(src/2020): pin @nuxtjs/eslint-module v3, disable eslint-module during isolation, add eslint overrides for pages/layouts
 25 files changed, 2457 insertions(+), 5595 deletions(-)
 create mode 100644 src/2019/dist/js/app.88de0fa0.js
 create mode 100644 src/2019/dist/js/app.88de0fa0.js.map
 delete mode 100644 src/2019/dist/js/app.d7c346b8.js
 delete mode 100644 src/2019/dist/js/app.d7c346b8.js.map
 rename src/2019/dist/js/{chunk-2d0ae958.f8959fcd.js => chunk-2d0ae958.5ea74f4a.js} (91%)
 create mode 100644 src/2019/dist/js/chunk-2d0ae958.5ea74f4a.js.map
 delete mode 100644 src/2019/dist/js/chunk-2d0ae958.f8959fcd.js.map
 delete mode 100644 src/2019/dist/js/chunk-2d0c957a.be602d24.js
 delete mode 100644 src/2019/dist/js/chunk-2d0c957a.be602d24.js.map
 create mode 100644 src/2019/dist/js/chunk-2d0c957a.cf59c5d2.js
 create mode 100644 src/2019/dist/js/chunk-2d0c957a.cf59c5d2.js.map
 delete mode 100644 src/2019/dist/js/chunk-40d30972.46d4671f.js
 delete mode 100644 src/2019/dist/js/chunk-40d30972.46d4671f.js.map
 create mode 100644 src/2019/dist/js/chunk-40d30972.a61e8c00.js
 create mode 100644 src/2019/dist/js/chunk-40d30972.a61e8c00.js.map
 delete mode 100644 src/2019/dist/js/chunk-vendors.1cdb6fce.js
 delete mode 100644 src/2019/dist/js/chunk-vendors.1cdb6fce.js.map
 create mode 100644 src/2019/dist/js/chunk-vendors.25de0987.js
 create mode 100644 src/2019/dist/js/chunk-vendors.25de0987.js.map
 create mode 100644 src/2020/tmp_build_log.txt
